Example/app/build/intermediates/manifest_merge_blame_file/debug/processDebugMainManifest/manifest-merger-blame-debug-report.txt
1<?xml version="1.0" encoding="utf-8"?>
2<manifest xmlns:android="http://schemas.android.com/apk/res/android"
3    package="com.example.bagisto_native_example"
4    android:versionCode="1"
5    android:versionName="1.0.0" >
6
7    <uses-sdk
8        android:minSdkVersion="28"
9        android:targetSdkVersion="35" />
10
11    <!-- Required permissions for BagistoNative SDK features -->
12    <uses-permission android:name="android.permission.INTERNET" />
12-->src/main/AndroidManifest.xml:6:5-67
12-->src/main/AndroidManifest.xml:6:22-64
13    <uses-permission android:name="android.permission.CAMERA" />
13-->src/main/AndroidManifest.xml:7:5-65
13-->src/main/AndroidManifest.xml:7:22-62
14    <uses-permission android:name="android.permission.POST_NOTIFICATIONS" />
14-->src/main/AndroidManifest.xml:8:5-77
14-->src/main/AndroidManifest.xml:8:22-74
15    <uses-permission android:name="android.permission.ACCESS_FINE_LOCATION" />
15-->src/main/AndroidManifest.xml:9:5-79
15-->src/main/AndroidManifest.xml:9:22-76
16    <uses-permission android:name="android.permission.ACCESS_COARSE_LOCATION" />
16-->src/main/AndroidManifest.xml:10:5-81
16-->src/main/AndroidManifest.xml:10:22-78
17    <uses-permission
17-->src/main/AndroidManifest.xml:11:5-12:38
18        android:name="android.permission.READ_EXTERNAL_STORAGE"
18-->src/main/AndroidManifest.xml:11:22-77
19        android:maxSdkVersion="28" />
19-->src/main/AndroidManifest.xml:12:9-35
20    <uses-permission
20-->src/main/AndroidManifest.xml:13:5-14:38
21        android:name="android.permission.WRITE_EXTERNAL_STORAGE"
21-->src/main/AndroidManifest.xml:13:22-78
22        android:maxSdkVersion="28" />
22-->src/main/AndroidManifest.xml:14:9-35
23    <uses-permission android:name="android.permission.READ_MEDIA_IMAGES" />
23-->src/main/AndroidManifest.xml:15:5-76
23-->src/main/AndroidManifest.xml:15:22-73
24    <uses-permission android:name="android.permission.ACCESS_MEDIA_LOCATION" />
24-->src/main/AndroidManifest.xml:16:5-80
24-->src/main/AndroidManifest.xml:16:22-77
25
26    <!-- Camera feature (optional) -->
27    <uses-feature
27-->src/main/AndroidManifest.xml:19:5-21:36
28        android:name="android.hardware.camera"
28-->src/main/AndroidManifest.xml:20:9-47
29        android:required="false" />
29-->src/main/AndroidManifest.xml:21:9-33
30    <uses-feature
30-->src/main/AndroidManifest.xml:22:5-24:36
31        android:name="android.hardware.camera.autofocus"
31-->src/main/AndroidManifest.xml:23:9-57
32        android:required="false" />
32-->src/main/AndroidManifest.xml:24:9-33
33
34    <!-- For remote config -->
35    <uses-permission android:name="android.permission.ACCESS_NETWORK_STATE" />
35-->[com.google.mlkit:object-detection:17.0.0] AndroidManifest.xml:7:5-79
35-->[com.google.mlkit:object-detection:17.0.0] AndroidManifest.xml:7:22-76
36
37    <permission
37-->[androidx.core:core:1.16.0] AndroidManifest.xml:22:5-24:47
38        android:name="com.example.bagisto_native_example.DYNAMIC_RECEIVER_NOT_EXPORTED_PERMISSION"
38-->[androidx.core:core:1.16.0] AndroidManifest.xml:23:9-81
39        android:protectionLevel="signature" />
39-->[androidx.core:core:1.16.0] AndroidManifest.xml:24:9-44
40
41    <uses-permission android:name="com.example.bagisto_native_example.DYNAMIC_RECEIVER_NOT_EXPORTED_PERMISSION" />
41-->[androidx.core:core:1.16.0] AndroidManifest.xml:26:5-97
41-->[androidx.core:core:1.16.0] AndroidManifest.xml:26:22-94
42
43    <application
43-->src/main/AndroidManifest.xml:26:5-76:19
44        android:name="com.example.bagisto_native_example.BagistoExampleApplication"
44-->src/main/AndroidManifest.xml:27:9-50
45        android:allowBackup="true"
45-->src/main/AndroidManifest.xml:28:9-35
46        android:appComponentFactory="androidx.core.app.CoreComponentFactory"
46-->[androidx.core:core:1.16.0] AndroidManifest.xml:28:18-86
47        android:dataExtractionRules="@xml/data_extraction_rules"
47-->[com.github.SocialMobikul:BagistoNative_Android:1.0.0] AndroidManifest.xml:33:9-65
48        android:debuggable="true"
49        android:enableOnBackInvokedCallback="true"
49-->src/main/AndroidManifest.xml:29:9-51
50        android:extractNativeLibs="false"
51        android:fullBackupContent="@xml/backup_rules"
51-->[com.github.SocialMobikul:BagistoNative_Android:1.0.0] AndroidManifest.xml:35:9-54
52        android:icon="@mipmap/ic_launcher"
52-->src/main/AndroidManifest.xml:30:9-43
53        android:label="@string/app_name"
53-->src/main/AndroidManifest.xml:31:9-41
54        android:requestLegacyExternalStorage="true"
54-->src/main/AndroidManifest.xml:36:9-52
55        android:roundIcon="@mipmap/ic_launcher_round"
55-->src/main/AndroidManifest.xml:32:9-54
56        android:supportsRtl="true"
56-->src/main/AndroidManifest.xml:33:9-35
57        android:testOnly="true"
58        android:theme="@style/Theme.BagistoNativeExample"
58-->src/main/AndroidManifest.xml:34:9-58
59        android:usesCleartextTraffic="true" >
59-->src/main/AndroidManifest.xml:35:9-44
60        <activity
60-->src/main/AndroidManifest.xml:40:9-74:20
61            android:name="com.example.bagisto_native_example.MainActivity"
61-->src/main/AndroidManifest.xml:41:13-41
62            android:exported="true"
62-->src/main/AndroidManifest.xml:42:13-36
63            android:launchMode="singleTop"
63-->src/main/AndroidManifest.xml:43:13-43
64            android:theme="@style/Theme.BagistoNativeExample" >
64-->src/main/AndroidManifest.xml:44:13-62
65            <intent-filter>
65-->src/main/AndroidManifest.xml:45:13-53:29
66                <action android:name="android.intent.action.MAIN" />
66-->src/main/AndroidManifest.xml:46:17-69
66-->src/main/AndroidManifest.xml:46:25-66
67
68                <category android:name="android.intent.category.LAUNCHER" />
68-->src/main/AndroidManifest.xml:47:17-77
68-->src/main/AndroidManifest.xml:47:27-74
69                <!-- Default URL when launched from launcher icon -->
70                <data
70-->src/main/AndroidManifest.xml:49:17-52:46
71                    android:host="bagisto-native-commerce.vercel.app"
71-->src/main/AndroidManifest.xml:51:21-70
72                    android:pathPrefix="/"
72-->src/main/AndroidManifest.xml:52:21-43
73                    android:scheme="https" />
73-->src/main/AndroidManifest.xml:50:21-43
74            </intent-filter>
75
76            <!-- Deep link support for Hotwire -->
77            <intent-filter android:autoVerify="true" >
77-->src/main/AndroidManifest.xml:56:13-63:29
77-->src/main/AndroidManifest.xml:56:28-53
78                <action android:name="android.intent.action.VIEW" />
78-->src/main/AndroidManifest.xml:57:17-69
78-->src/main/AndroidManifest.xml:57:25-66
79
80                <category android:name="android.intent.category.DEFAULT" />
80-->src/main/AndroidManifest.xml:58:17-76
80-->src/main/AndroidManifest.xml:58:27-73
81                <category android:name="android.intent.category.BROWSABLE" />
81-->src/main/AndroidManifest.xml:59:17-78
81-->src/main/AndroidManifest.xml:59:27-75
82
83                <data
83-->src/main/AndroidManifest.xml:49:17-52:46
84                    android:host="fragment"
84-->src/main/AndroidManifest.xml:51:21-70
85                    android:scheme="hotwire" />
85-->src/main/AndroidManifest.xml:50:21-43
86            </intent-filter>
87
88            <!-- Web URL deep links -->
89            <intent-filter android:autoVerify="true" >
89-->src/main/AndroidManifest.xml:66:13-73:29
89-->src/main/AndroidManifest.xml:66:28-53
90                <action android:name="android.intent.action.VIEW" />
90-->src/main/AndroidManifest.xml:57:17-69
90-->src/main/AndroidManifest.xml:57:25-66
91
92                <category android:name="android.intent.category.DEFAULT" />
92-->src/main/AndroidManifest.xml:58:17-76
92-->src/main/AndroidManifest.xml:58:27-73
93                <category android:name="android.intent.category.BROWSABLE" />
93-->src/main/AndroidManifest.xml:59:17-78
93-->src/main/AndroidManifest.xml:59:27-75
94
95                <data
95-->src/main/AndroidManifest.xml:49:17-52:46
96                    android:host="bagisto-native-commerce.vercel.app"
96-->src/main/AndroidManifest.xml:51:21-70
97                    android:scheme="https" />
97-->src/main/AndroidManifest.xml:50:21-43
98            </intent-filter>
99        </activity>
100
101        <!-- Add the FileProvider here -->
102        <provider
102-->[com.github.SocialMobikul:BagistoNative_Android:1.0.0] AndroidManifest.xml:46:9-54:20
103            android:name="androidx.core.content.FileProvider"
103-->[com.github.SocialMobikul:BagistoNative_Android:1.0.0] AndroidManifest.xml:47:13-62
104            android:authorities="com.example.bagisto_native_example.fileprovider"
104-->[com.github.SocialMobikul:BagistoNative_Android:1.0.0] AndroidManifest.xml:48:13-64
105            android:exported="false"
105-->[com.github.SocialMobikul:BagistoNative_Android:1.0.0] AndroidManifest.xml:49:13-37
106            android:grantUriPermissions="true" >
106-->[com.github.SocialMobikul:BagistoNative_Android:1.0.0] AndroidManifest.xml:50:13-47
107            <meta-data
107-->[com.github.SocialMobikul:BagistoNative_Android:1.0.0] AndroidManifest.xml:51:13-53:54
108                android:name="android.support.FILE_PROVIDER_PATHS"
108-->[com.github.SocialMobikul:BagistoNative_Android:1.0.0] AndroidManifest.xml:52:17-67
109                android:resource="@xml/file_paths" />
109-->[com.github.SocialMobikul:BagistoNative_Android:1.0.0] AndroidManifest.xml:53:17-51
110        </provider>
111        <provider
111-->[dev.hotwire:core:1.2.3] AndroidManifest.xml:8:9-16:20
112            android:name="dev.hotwire.core.files.util.HotwireFileProvider"
112-->[dev.hotwire:core:1.2.3] AndroidManifest.xml:9:13-75
113            android:authorities="com.example.bagisto_native_example.hotwire.fileprovider"
113-->[dev.hotwire:core:1.2.3] AndroidManifest.xml:10:13-72
114            android:exported="false"
114-->[dev.hotwire:core:1.2.3] AndroidManifest.xml:11:13-37
115            android:grantUriPermissions="true" >
115-->[dev.hotwire:core:1.2.3] AndroidManifest.xml:12:13-47
116            <meta-data
116-->[com.github.SocialMobikul:BagistoNative_Android:1.0.0] AndroidManifest.xml:51:13-53:54
117                android:name="android.support.FILE_PROVIDER_PATHS"
117-->[com.github.SocialMobikul:BagistoNative_Android:1.0.0] AndroidManifest.xml:52:17-67
118                android:resource="@xml/file_provider_paths" />
118-->[com.github.SocialMobikul:BagistoNative_Android:1.0.0] AndroidManifest.xml:53:17-51
119        </provider>
120
121        <service
121-->[androidx.camera:camera-camera2:1.4.2] AndroidManifest.xml:24:9-33:19
122            android:name="androidx.camera.core.impl.MetadataHolderService"
122-->[androidx.camera:camera-camera2:1.4.2] AndroidManifest.xml:25:13-75
123            android:enabled="false"
123-->[androidx.camera:camera-camera2:1.4.2] AndroidManifest.xml:26:13-36
124            android:exported="false" >
124-->[androidx.camera:camera-camera2:1.4.2] AndroidManifest.xml:27:13-37
125            <meta-data
125-->[androidx.camera:camera-camera2:1.4.2] AndroidManifest.xml:30:13-32:89
126                android:name="androidx.camera.core.impl.MetadataHolderService.DEFAULT_CONFIG_PROVIDER"
126-->[androidx.camera:camera-camera2:1.4.2] AndroidManifest.xml:31:17-103
127                android:value="androidx.camera.camera2.Camera2Config$DefaultProvider" />
127-->[androidx.camera:camera-camera2:1.4.2] AndroidManifest.xml:32:17-86
128        </service>
129        <service
129-->[com.google.mlkit:object-detection:17.0.0] AndroidManifest.xml:11:9-17:19
130            android:name="com.google.mlkit.common.internal.MlKitComponentDiscoveryService"
130-->[com.google.mlkit:object-detection:17.0.0] AndroidManifest.xml:12:13-91
131            android:directBootAware="true"
131-->[com.google.mlkit:common:18.9.0] AndroidManifest.xml:17:13-43
132            android:exported="false" >
132-->[com.google.mlkit:object-detection:17.0.0] AndroidManifest.xml:13:13-37
133            <meta-data
133-->[com.google.mlkit:object-detection:17.0.0] AndroidManifest.xml:14:13-16:85
134                android:name="com.google.firebase.components:com.google.mlkit.vision.objects.defaults.internal.DefaultObjectsRegistrar"
134-->[com.google.mlkit:object-detection:17.0.0] AndroidManifest.xml:15:17-136
135                android:value="com.google.firebase.components.ComponentRegistrar" />
135-->[com.google.mlkit:object-detection:17.0.0] AndroidManifest.xml:16:17-82
136            <meta-data
136-->[com.google.mlkit:image-labeling:17.0.7] AndroidManifest.xml:11:13-13:85
137                android:name="com.google.firebase.components:com.google.mlkit.vision.label.defaults.internal.BundledLabelRegistrar"
137-->[com.google.mlkit:image-labeling:17.0.7] AndroidManifest.xml:12:17-132
138                android:value="com.google.firebase.components.ComponentRegistrar" />
138-->[com.google.mlkit:image-labeling:17.0.7] AndroidManifest.xml:13:17-82
139            <meta-data
139-->[com.google.android.gms:play-services-mlkit-barcode-scanning:18.3.0] AndroidManifest.xml:12:13-14:85
140                android:name="com.google.firebase.components:com.google.mlkit.vision.barcode.internal.BarcodeRegistrar"
140-->[com.google.android.gms:play-services-mlkit-barcode-scanning:18.3.0] AndroidManifest.xml:13:17-120
141                android:value="com.google.firebase.components.ComponentRegistrar" />
141-->[com.google.android.gms:play-services-mlkit-barcode-scanning:18.3.0] AndroidManifest.xml:14:17-82
142            <meta-data
142-->[com.google.mlkit:vision-internal-vkp:18.2.2] AndroidManifest.xml:14:13-16:85
143                android:name="com.google.firebase.components:com.google.mlkit.vision.vkp.VkpRegistrar"
143-->[com.google.mlkit:vision-internal-vkp:18.2.2] AndroidManifest.xml:15:17-103
144                android:value="com.google.firebase.components.ComponentRegistrar" />
144-->[com.google.mlkit:vision-internal-vkp:18.2.2] AndroidManifest.xml:16:17-82
145            <meta-data
145-->[com.google.android.gms:play-services-mlkit-text-recognition-common:19.0.0] AndroidManifest.xml:12:13-14:85
146                android:name="com.google.firebase.components:com.google.mlkit.vision.text.internal.TextRegistrar"
146-->[com.google.android.gms:play-services-mlkit-text-recognition-common:19.0.0] AndroidManifest.xml:13:17-114
147                android:value="com.google.firebase.components.ComponentRegistrar" />
147-->[com.google.android.gms:play-services-mlkit-text-recognition-common:19.0.0] AndroidManifest.xml:14:17-82
148            <meta-data
148-->[com.google.mlkit:vision-common:17.3.0] AndroidManifest.xml:12:13-14:85
149                android:name="com.google.firebase.components:com.google.mlkit.vision.common.internal.VisionCommonRegistrar"
149-->[com.google.mlkit:vision-common:17.3.0] AndroidManifest.xml:13:17-124
150                android:value="com.google.firebase.components.ComponentRegistrar" />
150-->[com.google.mlkit:vision-common:17.3.0] AndroidManifest.xml:14:17-82
151            <meta-data
151-->[com.google.mlkit:common:18.9.0] AndroidManifest.xml:20:13-22:85
152                android:name="com.google.firebase.components:com.google.mlkit.common.internal.CommonComponentRegistrar"
152-->[com.google.mlkit:common:18.9.0] AndroidManifest.xml:21:17-120
153                android:value="com.google.firebase.components.ComponentRegistrar" />
153-->[com.google.mlkit:common:18.9.0] AndroidManifest.xml:22:17-82
154        </service>
155
156        <provider
156-->[com.google.mlkit:common:18.9.0] AndroidManifest.xml:9:9-13:38
157            android:name="com.google.mlkit.common.internal.MlKitInitProvider"
157-->[com.google.mlkit:common:18.9.0] AndroidManifest.xml:10:13-78
158            android:authorities="com.example.bagisto_native_example.mlkitinitprovider"
158-->[com.google.mlkit:common:18.9.0] AndroidManifest.xml:11:13-69
159            android:exported="false"
159-->[com.google.mlkit:common:18.9.0] AndroidManifest.xml:12:13-37
160            android:initOrder="99" />
160-->[com.google.mlkit:common:18.9.0] AndroidManifest.xml:13:13-35
161
162        <activity
162-->[com.google.android.gms:play-services-base:18.1.0] AndroidManifest.xml:20:9-22:45
163            android:name="com.google.android.gms.common.api.GoogleApiActivity"
163-->[com.google.android.gms:play-services-base:18.1.0] AndroidManifest.xml:20:19-85
164            android:exported="false"
164-->[com.google.android.gms:play-services-base:18.1.0] AndroidManifest.xml:22:19-43
165            android:theme="@android:style/Theme.Translucent.NoTitleBar" />
165-->[com.google.android.gms:play-services-base:18.1.0] AndroidManifest.xml:21:19-78
166
167        <provider
167-->[androidx.emoji2:emoji2:1.3.0] AndroidManifest.xml:24:9-32:20
168            android:name="androidx.startup.InitializationProvider"
168-->[androidx.emoji2:emoji2:1.3.0] AndroidManifest.xml:25:13-67
169            android:authorities="com.example.bagisto_native_example.androidx-startup"
169-->[androidx.emoji2:emoji2:1.3.0] AndroidManifest.xml:26:13-68
170            android:exported="false" >
170-->[androidx.emoji2:emoji2:1.3.0] AndroidManifest.xml:27:13-37
171            <meta-data
171-->[androidx.emoji2:emoji2:1.3.0] AndroidManifest.xml:29:13-31:52
172                android:name="androidx.emoji2.text.EmojiCompatInitializer"
172-->[androidx.emoji2:emoji2:1.3.0] AndroidManifest.xml:30:17-75
173                android:value="androidx.startup" />
173-->[androidx.emoji2:emoji2:1.3.0] AndroidManifest.xml:31:17-49
174            <meta-data
174-->[androidx.lifecycle:lifecycle-process:2.8.7] AndroidManifest.xml:29:13-31:52
175                android:name="androidx.lifecycle.ProcessLifecycleInitializer"
175-->[androidx.lifecycle:lifecycle-process:2.8.7] AndroidManifest.xml:30:17-78
176                android:value="androidx.startup" />
176-->[androidx.lifecycle:lifecycle-process:2.8.7] AndroidManifest.xml:31:17-49
177            <meta-data
177-->[androidx.profileinstaller:profileinstaller:1.4.0] AndroidManifest.xml:29:13-31:52
178                android:name="androidx.profileinstaller.ProfileInstallerInitializer"
178-->[androidx.profileinstaller:profileinstaller:1.4.0] AndroidManifest.xml:30:17-85
179                android:value="androidx.startup" />
179-->[androidx.profileinstaller:profileinstaller:1.4.0] AndroidManifest.xml:31:17-49
180        </provider>
181
182        <uses-library
182-->[androidx.window:window:1.0.0] AndroidManifest.xml:25:9-27:40
183            android:name="androidx.window.extensions"
183-->[androidx.window:window:1.0.0] AndroidManifest.xml:26:13-54
184            android:required="false" />
184-->[androidx.window:window:1.0.0] AndroidManifest.xml:27:13-37
185        <uses-library
185-->[androidx.window:window:1.0.0] AndroidManifest.xml:28:9-30:40
186            android:name="androidx.window.sidecar"
186-->[androidx.window:window:1.0.0] AndroidManifest.xml:29:13-51
187            android:required="false" />
187-->[androidx.window:window:1.0.0] AndroidManifest.xml:30:13-37
188
189        <meta-data
189-->[com.google.android.gms:play-services-basement:18.4.0] AndroidManifest.xml:6:9-122
190            android:name="com.google.android.gms.version"
190-->[com.google.android.gms:play-services-basement:18.4.0] AndroidManifest.xml:6:20-65
191            android:value="@integer/google_play_services_version" />
191-->[com.google.android.gms:play-services-basement:18.4.0] AndroidManifest.xml:6:66-119
192
193        <receiver
193-->[androidx.profileinstaller:profileinstaller:1.4.0] AndroidManifest.xml:34:9-52:20
194            android:name="androidx.profileinstaller.ProfileInstallReceiver"
194-->[androidx.profileinstaller:profileinstaller:1.4.0] AndroidManifest.xml:35:13-76
195            android:directBootAware="false"
195-->[androidx.profileinstaller:profileinstaller:1.4.0] AndroidManifest.xml:36:13-44
196            android:enabled="true"
196-->[androidx.profileinstaller:profileinstaller:1.4.0] AndroidManifest.xml:37:13-35
197            android:exported="true"
197-->[androidx.profileinstaller:profileinstaller:1.4.0] AndroidManifest.xml:38:13-36
198            android:permission="android.permission.DUMP" >
198-->[androidx.profileinstaller:profileinstaller:1.4.0] AndroidManifest.xml:39:13-57
199            <intent-filter>
199-->[androidx.profileinstaller:profileinstaller:1.4.0] AndroidManifest.xml:40:13-42:29
200                <action android:name="androidx.profileinstaller.action.INSTALL_PROFILE" />
200-->[androidx.profileinstaller:profileinstaller:1.4.0] AndroidManifest.xml:41:17-91
200-->[androidx.profileinstaller:profileinstaller:1.4.0] AndroidManifest.xml:41:25-88
201            </intent-filter>
202            <intent-filter>
202-->[androidx.profileinstaller:profileinstaller:1.4.0] AndroidManifest.xml:43:13-45:29
203                <action android:name="androidx.profileinstaller.action.SKIP_FILE" />
203-->[androidx.profileinstaller:profileinstaller:1.4.0] AndroidManifest.xml:44:17-85
203-->[androidx.profileinstaller:profileinstaller:1.4.0] AndroidManifest.xml:44:25-82
204            </intent-filter>
205            <intent-filter>
205-->[androidx.profileinstaller:profileinstaller:1.4.0] AndroidManifest.xml:46:13-48:29
206                <action android:name="androidx.profileinstaller.action.SAVE_PROFILE" />
206-->[androidx.profileinstaller:profileinstaller:1.4.0] AndroidManifest.xml:47:17-88
206-->[androidx.profileinstaller:profileinstaller:1.4.0] AndroidManifest.xml:47:25-85
207            </intent-filter>
208            <intent-filter>
208-->[androidx.profileinstaller:profileinstaller:1.4.0] AndroidManifest.xml:49:13-51:29
209                <action android:name="androidx.profileinstaller.action.BENCHMARK_OPERATION" />
209-->[androidx.profileinstaller:profileinstaller:1.4.0] AndroidManifest.xml:50:17-95
209-->[androidx.profileinstaller:profileinstaller:1.4.0] AndroidManifest.xml:50:25-92
210            </intent-filter>
211        </receiver>
212
213        <service
213-->[com.google.android.datatransport:transport-backend-cct:2.3.3] AndroidManifest.xml:29:9-35:19
214            android:name="com.google.android.datatransport.runtime.backends.TransportBackendDiscovery"
214-->[com.google.android.datatransport:transport-backend-cct:2.3.3] AndroidManifest.xml:30:13-103
215            android:exported="false" >
215-->[com.google.android.datatransport:transport-backend-cct:2.3.3] AndroidManifest.xml:31:13-37
216            <meta-data
216-->[com.google.android.datatransport:transport-backend-cct:2.3.3] AndroidManifest.xml:32:13-34:39
217                android:name="backend:com.google.android.datatransport.cct.CctBackendFactory"
217-->[com.google.android.datatransport:transport-backend-cct:2.3.3] AndroidManifest.xml:33:17-94
218                android:value="cct" />
218-->[com.google.android.datatransport:transport-backend-cct:2.3.3] AndroidManifest.xml:34:17-36
219        </service>
220        <service
220-->[com.google.android.datatransport:transport-runtime:2.2.6] AndroidManifest.xml:26:9-30:19
221            android:name="com.google.android.datatransport.runtime.scheduling.jobscheduling.JobInfoSchedulerService"
221-->[com.google.android.datatransport:transport-runtime:2.2.6] AndroidManifest.xml:27:13-117
222            android:exported="false"
222-->[com.google.android.datatransport:transport-runtime:2.2.6] AndroidManifest.xml:28:13-37
223            android:permission="android.permission.BIND_JOB_SERVICE" >
223-->[com.google.android.datatransport:transport-runtime:2.2.6] AndroidManifest.xml:29:13-69
224        </service>
225
226        <receiver
226-->[com.google.android.datatransport:transport-runtime:2.2.6] AndroidManifest.xml:32:9-34:40
227            android:name="com.google.android.datatransport.runtime.scheduling.jobscheduling.AlarmManagerSchedulerBroadcastReceiver"
227-->[com.google.android.datatransport:transport-runtime:2.2.6] AndroidManifest.xml:33:13-132
228            android:exported="false" /> <!-- The activities will be merged into the manifest of the hosting app. -->
228-->[com.google.android.datatransport:transport-runtime:2.2.6] AndroidManifest.xml:34:13-37
229        <activity
229-->[com.google.android.play:core-common:2.0.4] AndroidManifest.xml:14:9-18:65
230            android:name="com.google.android.play.core.common.PlayCoreDialogWrapperActivity"
230-->[com.google.android.play:core-common:2.0.4] AndroidManifest.xml:15:13-93
231            android:exported="false"
231-->[com.google.android.play:core-common:2.0.4] AndroidManifest.xml:16:13-37
232            android:stateNotNeeded="true"
232-->[com.google.android.play:core-common:2.0.4] AndroidManifest.xml:17:13-42
233            android:theme="@style/Theme.PlayCore.Transparent" />
233-->[com.google.android.play:core-common:2.0.4] AndroidManifest.xml:18:13-62
234    </application>
235
236</manifest>